2013-06-14 16:06:46.064+0000 INFO  [org.neo4j]: WARNING! You are using an unsupported version of the Java runtime. Please use Oracle(R) Java(TM) Runtime Environment 7.
2013-06-14 16:06:46.137+0000 INFO  [org.neo4j]: --- INITIALIZED diagnostics START ---
2013-06-14 16:06:46.138+0000 INFO  [org.neo4j]: Neo4j Kernel properties:
    neostore.propertystore.db.mapped_memory=15M
    neostore.nodestore.db.mapped_memory=4M
    neostore.relationshipstore.db.mapped_memory=18M
    neostore.propertystore.db.strings.mapped_memory=12M
    store_dir=new
    neostore.propertystore.db.arrays.mapped_memory=14M
    ephemeral=false
2013-06-14 16:06:46.141+0000 INFO  [org.neo4j]: Diagnostics providers:
    org.neo4j.kernel.configuration.Config
    org.neo4j.kernel.info.DiagnosticsManager
    SYSTEM_MEMORY
    JAVA_MEMORY
    OPERATING_SYSTEM
    JAVA_VIRTUAL_MACHINE
    CLASSPATH
    LIBRARY_PATH
    SYSTEM_PROPERTIES
    NETWORK
2013-06-14 16:06:46.142+0000 INFO  [org.neo4j]: System memory information:
    Total Physical memory: 2,00 GB
    Free Physical memory: 895,10 MB
    Committed virtual memory: 41,31 MB
    Total swap space: 4,00 GB
    Free swap space: 3,00 GB
2013-06-14 16:06:46.147+0000 INFO  [org.neo4j]: JVM memory information:
    Free  memory: 11,57 MB
    Total memory: 15,50 MB
    Max   memory: 247,50 MB
    Garbage Collector: Copy: [Eden Space, Survivor Space]
    Garbage Collector: MarkSweepCompact: [Eden Space, Survivor Space, Tenured Gen, Perm Gen, Perm Gen [shared-ro], Perm Gen [shared-rw]]
    Memory Pool: Code Cache (Non-heap memory): committed=640,00 kB, used=612,69 kB, max=32,00 MB, threshold=0,00 B
    Memory Pool: Eden Space (Heap memory): committed=4,31 MB, used=3,72 MB, max=68,31 MB, threshold=?
    Memory Pool: Survivor Space (Heap memory): committed=512,00 kB, used=221,01 kB, max=8,50 MB, threshold=?
    Memory Pool: Tenured Gen (Heap memory): committed=10,69 MB, used=0,00 B, max=170,69 MB, threshold=0,00 B
    Memory Pool: Perm Gen (Non-heap memory): committed=12,00 MB, used=1,76 MB, max=64,00 MB, threshold=0,00 B
    Memory Pool: Perm Gen [shared-ro] (Non-heap memory): committed=10,00 MB, used=5,20 MB, max=10,00 MB, threshold=0,00 B
    Memory Pool: Perm Gen [shared-rw] (Non-heap memory): committed=12,00 MB, used=6,62 MB, max=12,00 MB, threshold=0,00 B
2013-06-14 16:06:46.154+0000 INFO  [org.neo4j]: Operating system information:
    Operating System: Windows 7; version: 6.1; arch: x86; cpus: 2
    Process id: 5412@Dani-PC
    Byte order: LITTLE_ENDIAN
    Local timezone: Europe/Paris
2013-06-14 16:06:46.167+0000 INFO  [org.neo4j]: JVM information:
    VM Name: Java HotSpot(TM) Client VM
    VM Vendor: Sun Microsystems Inc.
    VM Version: 20.14-b01
    JIT compiler: HotSpot Client Compiler
    VM Arguments: [-Dfile.encoding=Cp1252]
2013-06-14 16:06:46.168+0000 INFO  [org.neo4j]: Java classpath:
     [classpath + loader.0] file:/C:/Users/Dani/workspace/CBDE/lib/commons-lang3-3.1-javadoc.jar
     [classpath + loader.0] file:/C:/Users/Dani/workspace/CBDE/lib/mongo-java-driver-2.9.3.jar
     [bootstrap] C:\Program Files\Java\jre6\lib\sunrsasign.jar
     [classpath + loader.0] file:/C:/Users/Dani/workspace/CBDE/lib/server-api-1.9.jar
     [classpath + loader.0] file:/C:/Users/Dani/workspace/CBDE/lib/neo4j-kernel-1.9.jar
     [classpath + loader.0] file:/C:/Users/Dani/workspace/CBDE/lib/org.apache.servicemix.bundles.jline-0.9.94_1.jar
     [classpath + loader.0] file:/C:/Users/Dani/workspace/CBDE/lib/scala-library-2.10.0.jar
     [classpath + loader.0] file:/C:/Users/Dani/workspace/CBDE/lib/neo4j-graph-algo-1.9.jar
     [loader.1] file:/C:/Program%20Files/Java/jre6/lib/ext/dnsns.jar
     [classpath + loader.0] file:/C:/Users/Dani/workspace/CBDE/lib/concurrentlinkedhashmap-lru-1.3.1.jar
     [classpath + loader.0] file:/C:/Users/Dani/workspace/CBDE/lib/neo4j-graph-matching-1.9.jar
     [bootstrap] C:\Program Files\Java\jre6\lib\jce.jar
     [classpath + loader.0] file:/C:/Users/Dani/workspace/CBDE/lib/lucene-core-3.6.2.jar
     [classpath + loader.0] file:/C:/Users/Dani/workspace/CBDE/lib/commons-lang3-3.1.jar
     [loader.1] file:/C:/Program%20Files/Java/jre6/lib/ext/localedata.jar
     [bootstrap] C:\Program Files\Java\jre6\lib\resources.jar
     [bootstrap] C:\Program Files\Java\jre6\lib\jsse.jar
     [bootstrap] C:\Program Files\Java\jre6\lib\charsets.jar
     [classpath + loader.0] file:/C:/Users/Dani/workspace/CBDE/lib/neo4j-shell-1.9.jar
     [bootstrap] C:\Program Files\Java\jre6\classes
     [classpath + loader.0] file:/C:/Users/Dani/workspace/CBDE/lib/ojdbc6.jar
     [classpath + loader.0] file:/C:/Users/Dani/workspace/CBDE/lib/mongo-java-driver-2.9.3-javadoc.jar
     [classpath + loader.0] file:/C:/Users/Dani/workspace/CBDE/bin/
     [loader.1] file:/C:/Program%20Files/Java/jre6/lib/ext/sunjce_provider.jar
     [classpath + loader.0] file:/C:/Users/Dani/workspace/CBDE/lib/neo4j-jmx-1.9.jar
     [loader.1] file:/C:/Program%20Files/Java/jre6/lib/ext/sunpkcs11.jar
     [classpath + loader.0] file:/C:/Users/Dani/workspace/CBDE/lib/neo4j-lucene-index-1.9.jar
     [bootstrap] C:\Program Files\Java\jre6\lib\rt.jar
     [classpath + loader.0] file:/C:/Users/Dani/workspace/CBDE/lib/yamlbeans-1.06.jar
     [loader.1] file:/C:/Program%20Files/Java/jre6/lib/ext/sunmscapi.jar
     [bootstrap] C:\Program Files\Java\jre6\lib\modules\jdk.boot.jar
     [classpath + loader.0] file:/C:/Users/Dani/workspace/CBDE/lib/neo4j-udc-1.9.jar
     [classpath + loader.0] file:/C:/Users/Dani/workspace/CBDE/lib/neo4j-cypher-1.9.jar
     [classpath + loader.0] file:/C:/Users/Dani/workspace/CBDE/lib/geronimo-jta_1.1_spec-1.1.1.jar
2013-06-14 16:06:46.170+0000 INFO  [org.neo4j]: Library path:
    C:\Program Files\Java\jre6\bin
    C:\Windows\Sun\Java\bin
    C:\Windows\System32
    C:\Windows
    C:\Program Files\Java\jre6\bin\client
    C:\Program Files\Java\jre6\bin
    C:\Program Files\Java\jre6\lib\i386
    C:\Program Files\Common Files\microsoft shared\Windows Live
    C:\Program Files\NVIDIA Corporation\PhysX\Common
    C:\Windows\System32
    C:\Windows
    C:\Windows\System32\wbem
    C:\Windows\System32\WindowsPowerShell\v1.0
    C:\Program Files\Microchip\MPLAB C32 Suite\bin
    C:\Program Files\Java\jdk1.6.0_24\bin
    C:\Program Files\Java\jdk1.6.0_24\bin
    C:\Program Files\OpenVPN\bin
    C:\aspectj1.6\lib
    C:\commons-lang3-3.1
    C:\Program Files\Windows Live\Shared
    C:\Program Files\OpenSSH\bin
    C:\MCC18\mpasm
    C:\MCC18\bin
    C:\MCC18\mpasm
    C:\MCC18\bin
    C:\Program Files\Java\jdk1.6.0_24\bin
    C:\Program Files\OpenVPN\bin
    C:\aspectj1.6\lib
    C:\commons-lang3-3.1
    C:\Users\Dani\workspace\CBDE
    C:\Program Files\Common Files\Nero\Lib
    C:\Program Files\eclipse
    C:\Users\Dani\workspace\CBDE
    C:\Users\Dani\workspace\CBDE
2013-06-14 16:06:46.175+0000 INFO  [org.neo4j]: System.properties:
    sun.boot.library.path = C:\Program Files\Java\jre6\bin
    path.separator = ;
    file.encoding.pkg = sun.io
    sun.java.launcher = SUN_STANDARD
    user.country = ES
    sun.os.patch.level = 
    user.dir = C:\Users\Dani\workspace\CBDE
    user.variant = 
    sun.jnu.encoding = Cp1252
    sun.management.compiler = HotSpot Client Compiler
    user.home = C:\Users\Dani
    user.timezone = Europe/Paris
    file.encoding = Cp1252
    user.name = Dani
    sun.java.command = cbde.db.neo4j
    sun.arch.data.model = 32
    user.language = es
    awt.toolkit = sun.awt.windows.WToolkit
    file.separator = \
    sun.io.unicode.encoding = UnicodeLittle
    sun.cpu.endian = little
    sun.desktop = windows
    sun.cpu.isalist = pentium_pro+mmx pentium_pro pentium+mmx pentium i486 i386 i86
2013-06-14 16:06:46.176+0000 INFO  [org.neo4j]: Network information:
    Interface Software Loopback Interface 1:
        address: 0:0:0:0:0:0:0:1
        address: 127.0.0.1
    Interface WAN Miniport (SSTP):
    Interface WAN Miniport (IKEv2):
    Interface WAN Miniport (L2TP):
    Interface WAN Miniport (PPTP):
    Interface WAN Miniport (PPPOE):
    Interface WAN Miniport (IPv6):
    Interface WAN Miniport (Network Monitor):
    Interface WAN Miniport (IP):
    Interface RAS Async Adapter:
    Interface Realtek PCIe GBE Family Controller:
        address: fe80:0:0:0:8486:7419:fc58:ac47%11
        address: 192.168.1.102
    Interface Teredo Tunneling Pseudo-Interface:
        address: fe80:0:0:0:0:100:7f:fffe%12
    Interface Adaptador ISATAP de Microsoft #2:
    Interface TAP-Win32 Adapter V9:
        address: fe80:0:0:0:5dd6:1d8c:5fc1:7748%14
    Interface Adaptador ISATAP de Microsoft #3:
    Interface Adaptador ISATAP de Microsoft:
    Interface Realtek PCIe GBE Family Controller-QoS Packet Scheduler-0000:
    Interface Realtek PCIe GBE Family Controller-WFP LightWeight Filter-0000:
    Interface TAP-Win32 Adapter V9-QoS Packet Scheduler-0000:
    Interface TAP-Win32 Adapter V9-WFP LightWeight Filter-0000:
    Interface WAN Miniport (IPv6)-QoS Packet Scheduler-0000:
    Interface WAN Miniport (IP)-QoS Packet Scheduler-0000:
    Interface WAN Miniport (Network Monitor)-QoS Packet Scheduler-0000:
2013-06-14 16:06:46.191+0000 INFO  [org.neo4j]: --- INITIALIZED diagnostics END ---
2013-06-14 16:06:46.311+0000 INFO  [org.neo4j]: Creating new db @ new\neostore
2013-06-14 16:06:46.333+0000 INFO  [org.neo4j]: [new\neostore.nodestore.db] brickCount=0 brickSize=41940b mappedMem=4194304b (storeSize=0b)
2013-06-14 16:06:46.337+0000 INFO  [org.neo4j]: new\neostore.nodestore.db hit=1 miss=0 switches=0 ooe=0
2013-06-14 16:06:46.376+0000 INFO  [org.neo4j]: [new\neostore.relationshiptypestore.db.names] brickCount=0 brickSize=0b mappedMem=0b (storeSize=38b)
2013-06-14 16:06:46.379+0000 INFO  [org.neo4j]: [new\neostore.relationshiptypestore.db] brickCount=0 brickSize=0b mappedMem=0b (storeSize=0b)
2013-06-14 16:06:46.380+0000 INFO  [org.neo4j]: new\neostore.relationshiptypestore.db.names hit=0 miss=0 switches=0 ooe=0
2013-06-14 16:06:46.383+0000 INFO  [org.neo4j]: new\neostore.relationshiptypestore.db hit=0 miss=0 switches=0 ooe=0
2013-06-14 16:06:46.387+0000 INFO  [org.neo4j]: [new\neostore.relationshiptypestore.db.names] brickCount=0 brickSize=0b mappedMem=0b (storeSize=38b)
2013-06-14 16:06:46.388+0000 INFO  [org.neo4j]: [new\neostore.relationshiptypestore.db] brickCount=0 brickSize=0b mappedMem=0b (storeSize=0b)
2013-06-14 16:06:46.388+0000 INFO  [org.neo4j]: [new\neostore.propertystore.db.strings] brickCount=0 brickSize=12544b mappedMem=12582912b (storeSize=128b)
2013-06-14 16:06:46.389+0000 INFO  [org.neo4j]: [new\neostore.propertystore.db.index.keys] brickCount=0 brickSize=0b mappedMem=0b (storeSize=38b)
2013-06-14 16:06:46.390+0000 INFO  [org.neo4j]: [new\neostore.propertystore.db.index] brickCount=0 brickSize=0b mappedMem=0b (storeSize=0b)
2013-06-14 16:06:46.392+0000 INFO  [org.neo4j]: [new\neostore.propertystore.db.arrays] brickCount=0 brickSize=14592b mappedMem=14680064b (storeSize=128b)
2013-06-14 16:06:46.394+0000 INFO  [org.neo4j]: [new\neostore.propertystore.db] brickCount=0 brickSize=157276b mappedMem=15728640b (storeSize=0b)
2013-06-14 16:06:46.396+0000 INFO  [org.neo4j]: [new\neostore.relationshipstore.db] brickCount=0 brickSize=188727b mappedMem=18874368b (storeSize=0b)
2013-06-14 16:06:46.397+0000 INFO  [org.neo4j]: [new\neostore.nodestore.db] brickCount=0 brickSize=4194b mappedMem=4194304b (storeSize=9b)
2013-06-14 16:06:46.397+0000 INFO  [org.neo4j]: [new\neostore] brickCount=0 brickSize=0b mappedMem=0b (storeSize=0b)
2013-06-14 16:06:46.403+0000 INFO  [org.neo4j]: new\neostore.relationshiptypestore.db.names hit=0 miss=0 switches=0 ooe=0
2013-06-14 16:06:46.406+0000 INFO  [org.neo4j]: new\neostore.relationshiptypestore.db hit=0 miss=0 switches=0 ooe=0
2013-06-14 16:06:46.408+0000 INFO  [org.neo4j]: new\neostore.propertystore.db.strings hit=0 miss=0 switches=0 ooe=0
2013-06-14 16:06:46.411+0000 INFO  [org.neo4j]: new\neostore.propertystore.db.index.keys hit=0 miss=0 switches=0 ooe=0
2013-06-14 16:06:46.414+0000 INFO  [org.neo4j]: new\neostore.propertystore.db.index hit=0 miss=0 switches=0 ooe=0
2013-06-14 16:06:46.418+0000 INFO  [org.neo4j]: new\neostore.propertystore.db.arrays hit=0 miss=0 switches=0 ooe=0
2013-06-14 16:06:46.427+0000 INFO  [org.neo4j]: new\neostore.propertystore.db hit=0 miss=0 switches=0 ooe=0
2013-06-14 16:06:46.430+0000 INFO  [org.neo4j]: new\neostore.relationshipstore.db hit=0 miss=0 switches=0 ooe=0
2013-06-14 16:06:46.434+0000 INFO  [org.neo4j]: new\neostore.nodestore.db hit=0 miss=0 switches=0 ooe=0
2013-06-14 16:06:46.437+0000 INFO  [org.neo4j]: new\neostore hit=0 miss=8 switches=0 ooe=0
2013-06-14 16:06:46.443+0000 INFO  [org.neo4j]: [new\neostore.relationshiptypestore.db.names] brickCount=0 brickSize=0b mappedMem=0b (storeSize=38b)
2013-06-14 16:06:46.443+0000 INFO  [org.neo4j]: [new\neostore.relationshiptypestore.db] brickCount=0 brickSize=0b mappedMem=0b (storeSize=0b)
2013-06-14 16:06:46.444+0000 INFO  [org.neo4j]: [new\neostore.propertystore.db.strings] brickCount=0 brickSize=12544b mappedMem=12582912b (storeSize=128b)
2013-06-14 16:06:46.445+0000 INFO  [org.neo4j]: [new\neostore.propertystore.db.index.keys] brickCount=0 brickSize=0b mappedMem=0b (storeSize=38b)
2013-06-14 16:06:46.445+0000 INFO  [org.neo4j]: [new\neostore.propertystore.db.index] brickCount=0 brickSize=0b mappedMem=0b (storeSize=0b)
2013-06-14 16:06:46.446+0000 INFO  [org.neo4j]: [new\neostore.propertystore.db.arrays] brickCount=0 brickSize=14592b mappedMem=14680064b (storeSize=128b)
2013-06-14 16:06:46.446+0000 INFO  [org.neo4j]: [new\neostore.propertystore.db] brickCount=0 brickSize=157276b mappedMem=15728640b (storeSize=0b)
2013-06-14 16:06:46.447+0000 INFO  [org.neo4j]: [new\neostore.relationshipstore.db] brickCount=0 brickSize=188727b mappedMem=18874368b (storeSize=0b)
2013-06-14 16:06:46.447+0000 INFO  [org.neo4j]: [new\neostore.nodestore.db] brickCount=0 brickSize=4194b mappedMem=4194304b (storeSize=9b)
2013-06-14 16:06:46.448+0000 INFO  [org.neo4j]: [new\neostore] brickCount=0 brickSize=0b mappedMem=0b (storeSize=54b)
2013-06-14 16:06:46.462+0000 INFO  [org.neo4j]: Opened logical log [new\nioneo_logical.log.1] version=0, lastTxId=1 (clean)
2013-06-14 16:06:46.469+0000 INFO  [org.neo4j]: TM new log: tm_tx_log.1
2013-06-14 16:06:46.509+0000 INFO  [org.neo4j]: Opened logical log [new\index\lucene.log.1] version=0, lastTxId=1 (clean)
2013-06-14 16:06:46.520+0000 INFO  [org.neo4j]: --- STARTED diagnostics for KernelDiagnostics:Versions START ---
2013-06-14 16:06:46.520+0000 INFO  [org.neo4j]: Graph Database: org.neo4j.kernel.EmbeddedGraphDatabase StoreId[time:1371226006311, id:-3322874099346351531, store version: 13561656364791302]
2013-06-14 16:06:46.520+0000 INFO  [org.neo4j]: Kernel version: Neo4j - Graph Database Kernel 1.9
2013-06-14 16:06:46.520+0000 INFO  [org.neo4j]: Neo4j component versions:
2013-06-14 16:06:46.521+0000 INFO  [org.neo4j]:   Neo4j - Graph Database Kernel 1.9
2013-06-14 16:06:46.521+0000 INFO  [org.neo4j]: --- STARTED diagnostics for KernelDiagnostics:Versions END ---
2013-06-14 16:06:46.523+0000 INFO  [org.neo4j]: --- STARTED diagnostics for NEO_STORE_VERSIONS START ---
2013-06-14 16:06:46.524+0000 INFO  [org.neo4j]: Store versions:
    Store versions:
      NeoStore v0.A.0
      NodeStore v0.A.0
      RelationshipStore v0.A.0
      RelationshipTypeStore v0.A.0
      PropertyStore v0.A.0
      PropertyIndexStore v0.A.0
      StringPropertyStore v0.A.0
      ArrayPropertyStore v0.A.0
2013-06-14 16:06:46.524+0000 INFO  [org.neo4j]: --- STARTED diagnostics for NEO_STORE_VERSIONS END ---
2013-06-14 16:06:46.524+0000 INFO  [org.neo4j]: --- STARTED diagnostics for NEO_STORE_ID_USAGE START ---
2013-06-14 16:06:46.524+0000 INFO  [org.neo4j]: Id usage:
    Id usage:
      NodeStore: used=1 high=0
      RelationshipStore: used=0 high=-1
      RelationshipTypeStore: used=0 high=-1
      PropertyStore: used=0 high=-1
      PropertyIndexStore: used=0 high=-1
      StringPropertyStore: used=1 high=0
      ArrayPropertyStore: used=1 high=0
2013-06-14 16:06:46.525+0000 INFO  [org.neo4j]: --- STARTED diagnostics for NEO_STORE_ID_USAGE END ---
2013-06-14 16:06:46.525+0000 INFO  [org.neo4j]: --- STARTED diagnostics for PERSISTENCE_WINDOW_POOL_STATS START ---
2013-06-14 16:06:46.525+0000 INFO  [org.neo4j]: --- STARTED diagnostics for PERSISTENCE_WINDOW_POOL_STATS END ---
2013-06-14 16:06:46.526+0000 INFO  [org.neo4j]: --- STARTED diagnostics for KernelDiagnostics:StoreFiles START ---
2013-06-14 16:06:46.528+0000 INFO  [org.neo4j]: Disk space on partition (Total / Free / Free %): 477450203136 / 269966344192 / 56
Storage files: (filename : modification date - size)
      active_tx_log: 2013-06-14T18:06:46+0200 - 11,00 B
      index:
        lucene-store.db: 2013-06-14T18:06:46+0200 - 40,00 B
        lucene.log.1: 2013-06-14T18:06:46+0200 - 16,00 B
        lucene.log.active: 2013-06-14T18:06:46+0200 - 4,00 B
      - Total: 2013-06-14T18:06:46+0200 - 60,00 B
      lock: 2013-06-14T18:06:46+0200 - 0,00 B
      messages.log: 2013-06-14T18:06:46+0200 - 15,83 kB
      neostore: 2013-06-14T18:06:46+0200 - 54,00 B
      neostore.id: 2013-06-14T18:06:46+0200 - 9,00 B
      neostore.nodestore.db: 2013-06-14T18:06:46+0200 - 9,00 B
      neostore.nodestore.db.id: 2013-06-14T18:06:46+0200 - 9,00 B
      neostore.propertystore.db: 2013-06-14T18:06:46+0200 - 0,00 B
      neostore.propertystore.db.arrays: 2013-06-14T18:06:46+0200 - 128,00 B
      neostore.propertystore.db.arrays.id: 2013-06-14T18:06:46+0200 - 9,00 B
      neostore.propertystore.db.id: 2013-06-14T18:06:46+0200 - 9,00 B
      neostore.propertystore.db.index: 2013-06-14T18:06:46+0200 - 0,00 B
      neostore.propertystore.db.index.id: 2013-06-14T18:06:46+0200 - 9,00 B
      neostore.propertystore.db.index.keys: 2013-06-14T18:06:46+0200 - 38,00 B
      neostore.propertystore.db.index.keys.id: 2013-06-14T18:06:46+0200 - 9,00 B
      neostore.propertystore.db.strings: 2013-06-14T18:06:46+0200 - 128,00 B
      neostore.propertystore.db.strings.id: 2013-06-14T18:06:46+0200 - 9,00 B
      neostore.relationshipstore.db: 2013-06-14T18:06:46+0200 - 0,00 B
      neostore.relationshipstore.db.id: 2013-06-14T18:06:46+0200 - 9,00 B
      neostore.relationshiptypestore.db: 2013-06-14T18:06:46+0200 - 0,00 B
      neostore.relationshiptypestore.db.id: 2013-06-14T18:06:46+0200 - 9,00 B
      neostore.relationshiptypestore.db.names: 2013-06-14T18:06:46+0200 - 38,00 B
      neostore.relationshiptypestore.db.names.id: 2013-06-14T18:06:46+0200 - 9,00 B
      nioneo_logical.log.1: 2013-06-14T18:06:46+0200 - 16,00 B
      nioneo_logical.log.active: 2013-06-14T18:06:46+0200 - 4,00 B
      store_lock: 2013-06-14T18:06:46+0200 - 0,00 B
      tm_tx_log.1: 2013-06-14T18:06:46+0200 - 0,00 B
2013-06-14 16:06:46.540+0000 INFO  [org.neo4j]: --- STARTED diagnostics for KernelDiagnostics:StoreFiles END ---
2013-06-14 16:06:46.543+0000 INFO  [org.neo4j]: Started - database is now available
2013-06-14 16:06:46.543+0000 INFO  [org.neo4j]: GC Monitor started. 
2013-06-14 16:06:46.605+0000 INFO  [org.neo4j]: Stopping - database is now unavailable
2013-06-14 16:06:46.605+0000 INFO  [org.neo4j]: GC Monitor stopped. 
2013-06-14 16:06:46.611+0000 INFO  [org.neo4j]: Closed log new\index\lucene.log
2013-06-14 16:06:46.613+0000 INFO  [org.neo4j]: TM shutting down
2013-06-14 16:06:46.626+0000 INFO  [org.neo4j]: Closed log new\nioneo_logical.log
2013-06-14 16:06:46.633+0000 INFO  [org.neo4j]: new\neostore.relationshiptypestore.db.names hit=0 miss=1 switches=0 ooe=0
2013-06-14 16:06:46.637+0000 INFO  [org.neo4j]: new\neostore.relationshiptypestore.db hit=0 miss=1 switches=0 ooe=0
2013-06-14 16:06:46.640+0000 INFO  [org.neo4j]: new\neostore.propertystore.db.strings hit=0 miss=0 switches=0 ooe=0
2013-06-14 16:06:46.644+0000 INFO  [org.neo4j]: new\neostore.propertystore.db.index.keys hit=0 miss=1 switches=0 ooe=0
2013-06-14 16:06:46.646+0000 INFO  [org.neo4j]: new\neostore.propertystore.db.index hit=0 miss=1 switches=0 ooe=0
2013-06-14 16:06:46.649+0000 INFO  [org.neo4j]: new\neostore.propertystore.db.arrays hit=0 miss=0 switches=0 ooe=0
2013-06-14 16:06:46.653+0000 INFO  [org.neo4j]: new\neostore.propertystore.db hit=3 miss=0 switches=0 ooe=0
2013-06-14 16:06:46.659+0000 INFO  [org.neo4j]: new\neostore.relationshipstore.db hit=1 miss=0 switches=0 ooe=0
2013-06-14 16:06:46.662+0000 INFO  [org.neo4j]: new\neostore.nodestore.db hit=2 miss=0 switches=0 ooe=0
2013-06-14 16:06:46.665+0000 INFO  [org.neo4j]: new\neostore hit=0 miss=18 switches=0 ooe=0
2013-06-14 16:06:46.668+0000 INFO  [org.neo4j]: NeoStore closed
2013-06-14 16:06:46.668+0000 INFO  [org.neo4j]: --- STOPPING diagnostics START ---
2013-06-14 16:06:46.668+0000 INFO  [org.neo4j]: --- STOPPING diagnostics END ---
2013-06-14 16:07:33.083+0000 INFO  [o.n.k.i.DiagnosticsManager]: --- INITIALIZED diagnostics START ---
2013-06-14 16:07:33.085+0000 INFO  [o.n.k.i.DiagnosticsManager]: Neo4j Kernel properties:
2013-06-14 16:07:33.095+0000 INFO  [o.n.k.i.DiagnosticsManager]: neostore.propertystore.db.mapped_memory=5M
2013-06-14 16:07:33.096+0000 INFO  [o.n.k.i.DiagnosticsManager]: neostore.nodestore.db.mapped_memory=1M
2013-06-14 16:07:33.096+0000 INFO  [o.n.k.i.DiagnosticsManager]: neostore.relationshipstore.db.mapped_memory=7M
2013-06-14 16:07:33.096+0000 INFO  [o.n.k.i.DiagnosticsManager]: neostore.propertystore.db.strings.mapped_memory=5M
2013-06-14 16:07:33.101+0000 INFO  [o.n.k.i.DiagnosticsManager]: neo4j.ext.udc.source=server
2013-06-14 16:07:33.101+0000 INFO  [o.n.k.i.DiagnosticsManager]: store_dir=data/graph.db
2013-06-14 16:07:33.101+0000 INFO  [o.n.k.i.DiagnosticsManager]: keep_logical_logs=true
2013-06-14 16:07:33.101+0000 INFO  [o.n.k.i.DiagnosticsManager]: neostore.propertystore.db.arrays.mapped_memory=5M
2013-06-14 16:07:33.101+0000 INFO  [o.n.k.i.DiagnosticsManager]: remote_shell_enabled=true
2013-06-14 16:07:33.101+0000 INFO  [o.n.k.i.DiagnosticsManager]: ephemeral=false
2013-06-14 16:07:33.122+0000 INFO  [o.n.k.i.DiagnosticsManager]: Diagnostics providers:
2013-06-14 16:07:33.122+0000 INFO  [o.n.k.i.DiagnosticsManager]: org.neo4j.kernel.configuration.Config
2013-06-14 16:07:33.122+0000 INFO  [o.n.k.i.DiagnosticsManager]: org.neo4j.kernel.info.DiagnosticsManager
2013-06-14 16:07:33.123+0000 INFO  [o.n.k.i.DiagnosticsManager]: SYSTEM_MEMORY
2013-06-14 16:07:33.123+0000 INFO  [o.n.k.i.DiagnosticsManager]: JAVA_MEMORY
2013-06-14 16:07:33.123+0000 INFO  [o.n.k.i.DiagnosticsManager]: OPERATING_SYSTEM
2013-06-14 16:07:33.123+0000 INFO  [o.n.k.i.DiagnosticsManager]: JAVA_VIRTUAL_MACHINE
2013-06-14 16:07:33.123+0000 INFO  [o.n.k.i.DiagnosticsManager]: CLASSPATH
2013-06-14 16:07:33.123+0000 INFO  [o.n.k.i.DiagnosticsManager]: LIBRARY_PATH
2013-06-14 16:07:33.123+0000 INFO  [o.n.k.i.DiagnosticsManager]: SYSTEM_PROPERTIES
2013-06-14 16:07:33.123+0000 INFO  [o.n.k.i.DiagnosticsManager]: NETWORK
2013-06-14 16:07:33.123+0000 INFO  [o.n.k.i.DiagnosticsManager]: System memory information:
2013-06-14 16:07:33.129+0000 INFO  [o.n.k.i.DiagnosticsManager]: Total Physical memory: 2,00 GB
2013-06-14 16:07:33.130+0000 INFO  [o.n.k.i.DiagnosticsManager]: Free Physical memory: 1,03 GB
2013-06-14 16:07:33.131+0000 INFO  [o.n.k.i.DiagnosticsManager]: Committed virtual memory: 96,19 MB
2013-06-14 16:07:33.131+0000 INFO  [o.n.k.i.DiagnosticsManager]: Total swap space: 4,00 GB
2013-06-14 16:07:33.131+0000 INFO  [o.n.k.i.DiagnosticsManager]: Free swap space: 3,20 GB
2013-06-14 16:07:33.132+0000 INFO  [o.n.k.i.DiagnosticsManager]: JVM memory information:
2013-06-14 16:07:33.132+0000 INFO  [o.n.k.i.DiagnosticsManager]: Free  memory: 60,62 MB
2013-06-14 16:07:33.132+0000 INFO  [o.n.k.i.DiagnosticsManager]: Total memory: 62,44 MB
2013-06-14 16:07:33.132+0000 INFO  [o.n.k.i.DiagnosticsManager]: Max   memory: 94,44 MB
2013-06-14 16:07:33.134+0000 INFO  [o.n.k.i.DiagnosticsManager]: Garbage Collector: ParNew: [Par Eden Space, Par Survivor Space]
2013-06-14 16:07:33.134+0000 INFO  [o.n.k.i.DiagnosticsManager]: Garbage Collector: ConcurrentMarkSweep: [Par Eden Space, Par Survivor Space, CMS Old Gen, CMS Perm Gen]
2013-06-14 16:07:33.135+0000 INFO  [o.n.k.i.DiagnosticsManager]: Memory Pool: Code Cache (Non-heap memory): committed=864,00 kB, used=843,56 kB, max=32,00 MB, threshold=0,00 B
2013-06-14 16:07:33.135+0000 INFO  [o.n.k.i.DiagnosticsManager]: Memory Pool: Par Eden Space (Heap memory): committed=12,88 MB, used=249,72 kB, max=12,88 MB, threshold=?
2013-06-14 16:07:33.136+0000 INFO  [o.n.k.i.DiagnosticsManager]: Memory Pool: Par Survivor Space (Heap memory): committed=1,56 MB, used=743,98 kB, max=1,56 MB, threshold=?
2013-06-14 16:07:33.137+0000 INFO  [o.n.k.i.DiagnosticsManager]: Memory Pool: CMS Old Gen (Heap memory): committed=48,00 MB, used=865,91 kB, max=80,00 MB, threshold=0,00 B
2013-06-14 16:07:33.137+0000 INFO  [o.n.k.i.DiagnosticsManager]: Memory Pool: CMS Perm Gen (Non-heap memory): committed=12,00 MB, used=9,02 MB, max=64,00 MB, threshold=0,00 B
2013-06-14 16:07:33.137+0000 INFO  [o.n.k.i.DiagnosticsManager]: Operating system information:
2013-06-14 16:07:33.138+0000 INFO  [o.n.k.i.DiagnosticsManager]: Operating System: Windows 7; version: 6.1; arch: x86; cpus: 2
2013-06-14 16:07:33.139+0000 INFO  [o.n.k.i.DiagnosticsManager]: Process id: 4316@Dani-PC
2013-06-14 16:07:33.139+0000 INFO  [o.n.k.i.DiagnosticsManager]: Byte order: LITTLE_ENDIAN
2013-06-14 16:07:33.139+0000 INFO  [o.n.k.i.DiagnosticsManager]: Local timezone: Europe/Paris
2013-06-14 16:07:33.139+0000 INFO  [o.n.k.i.DiagnosticsManager]: JVM information:
2013-06-14 16:07:33.139+0000 INFO  [o.n.k.i.DiagnosticsManager]: VM Name: Java HotSpot(TM) Client VM
2013-06-14 16:07:33.139+0000 INFO  [o.n.k.i.DiagnosticsManager]: VM Vendor: Sun Microsystems Inc.
2013-06-14 16:07:33.139+0000 INFO  [o.n.k.i.DiagnosticsManager]: VM Version: 20.14-b01
2013-06-14 16:07:33.140+0000 INFO  [o.n.k.i.DiagnosticsManager]: JIT compiler: HotSpot Client Compiler
2013-06-14 16:07:33.140+0000 INFO  [o.n.k.i.DiagnosticsManager]: VM Arguments: [-Dorg.neo4j.server.properties=conf/neo4j-server.properties, -Djava.util.logging.config.file=conf/logging.properties, -XX:+UseConcMarkSweepGC, -XX:+CMSClassUnloadingEnabled]
2013-06-14 16:07:33.140+0000 INFO  [o.n.k.i.DiagnosticsManager]: Java classpath:
2013-06-14 16:07:33.168+0000 INFO  [o.n.k.i.DiagnosticsManager]:  [classpath + loader.0] file:/C:/Users/Dani/Desktop/neo4j-community-1.9-windows/neo4j-community-1.9/system/lib/jackson-core-asl-1.9.7.jar
2013-06-14 16:07:33.168+0000 INFO  [o.n.k.i.DiagnosticsManager]:  [loader.1] file:/C:/Program%20Files/Java/jre6/lib/ext/dnsns.jar
2013-06-14 16:07:33.168+0000 INFO  [o.n.k.i.DiagnosticsManager]:  [classpath + loader.0] file:/C:/Users/Dani/Desktop/neo4j-community-1.9-windows/neo4j-community-1.9/system/lib/commons-logging-1.1.1.jar
2013-06-14 16:07:33.168+0000 INFO  [o.n.k.i.DiagnosticsManager]:  [classpath + loader.0] file:/C:/Users/Dani/Desktop/neo4j-community-1.9-windows/neo4j-community-1.9/system/lib/logback-access-0.9.30.jar
2013-06-14 16:07:33.168+0000 INFO  [o.n.k.i.DiagnosticsManager]:  [classpath + loader.0] file:/C:/Users/Dani/Desktop/neo4j-community-1.9-windows/neo4j-community-1.9/system/lib/jersey-server-1.9.jar
2013-06-14 16:07:33.168+0000 INFO  [o.n.k.i.DiagnosticsManager]:  [classpath + loader.0] file:/C:/Users/Dani/Desktop/neo4j-community-1.9-windows/neo4j-community-1.9/system/lib/mimepull-1.6.jar
2013-06-14 16:07:33.168+0000 INFO  [o.n.k.i.DiagnosticsManager]:  [classpath + loader.0] file:/C:/Users/Dani/Desktop/neo4j-community-1.9-windows/neo4j-community-1.9/plugins/gremlin1.5/asm-tree-3.2.jar
2013-06-14 16:07:33.168+0000 INFO  [o.n.k.i.DiagnosticsManager]:  [classpath + loader.0] file:/C:/Users/Dani/Desktop/neo4j-community-1.9-windows/neo4j-community-1.9/system/lib/rrd4j-2.0.7.jar
2013-06-14 16:07:33.168+0000 INFO  [o.n.k.i.DiagnosticsManager]:  [classpath + loader.0] file:/C:/Users/Dani/Desktop/neo4j-community-1.9-windows/neo4j-community-1.9/system/lib/jetty-util-6.1.25.jar
2013-06-14 16:07:33.168+0000 INFO  [o.n.k.i.DiagnosticsManager]:  [classpath + loader.0] file:/C:/Users/Dani/Desktop/neo4j-community-1.9-windows/neo4j-community-1.9/lib/neo4j-kernel-1.9.jar
2013-06-14 16:07:33.169+0000 INFO  [o.n.k.i.DiagnosticsManager]:  [classpath + loader.0] file:/C:/Users/Dani/Desktop/neo4j-community-1.9-windows/neo4j-community-1.9/plugins/gremlin1.5/blueprints-neo4j-graph-1.2.jar
2013-06-14 16:07:33.169+0000 INFO  [o.n.k.i.DiagnosticsManager]:  [bootstrap] C:\Program Files\Java\jre6\lib\jsse.jar
2013-06-14 16:07:33.169+0000 INFO  [o.n.k.i.DiagnosticsManager]:  [bootstrap] C:\Program Files\Java\jre6\lib\charsets.jar
2013-06-14 16:07:33.169+0000 INFO  [o.n.k.i.DiagnosticsManager]:  [classpath + loader.0] file:/C:/Users/Dani/Desktop/neo4j-community-1.9-windows/neo4j-community-1.9/lib/neo4j-graph-algo-1.9.jar
2013-06-14 16:07:33.169+0000 INFO  [o.n.k.i.DiagnosticsManager]:  [classpath + loader.0] file:/C:/Users/Dani/Desktop/neo4j-community-1.9-windows/neo4j-community-1.9/system/lib/jackson-jaxrs-1.9.7.jar
2013-06-14 16:07:33.169+0000 INFO  [o.n.k.i.DiagnosticsManager]:  [classpath + loader.0] file:/C:/Users/Dani/Desktop/neo4j-community-1.9-windows/neo4j-community-1.9/lib/neo4j-udc-1.9.jar
2013-06-14 16:07:33.169+0000 INFO  [o.n.k.i.DiagnosticsManager]:  [classpath + loader.0] file:/C:/Users/Dani/Desktop/neo4j-community-1.9-windows/neo4j-community-1.9/lib/neo4j-graph-matching-1.9.jar
2013-06-14 16:07:33.169+0000 INFO  [o.n.k.i.DiagnosticsManager]:  [classpath + loader.0] file:/C:/Users/Dani/Desktop/neo4j-community-1.9-windows/neo4j-community-1.9/system/lib/neo4j-cypher-plugin-1.9.jar
2013-06-14 16:07:33.169+0000 INFO  [o.n.k.i.DiagnosticsManager]:  [loader.1] file:/C:/Program%20Files/Java/jre6/lib/ext/sunjce_provider.jar
2013-06-14 16:07:33.169+0000 INFO  [o.n.k.i.DiagnosticsManager]:  [classpath + loader.0] file:/C:/Users/Dani/Desktop/neo4j-community-1.9-windows/neo4j-community-1.9/system/lib/neo4j-server-1.9-static-web.jar
2013-06-14 16:07:33.169+0000 INFO  [o.n.k.i.DiagnosticsManager]:  [classpath + loader.0] file:/C:/Users/Dani/Desktop/neo4j-community-1.9-windows/neo4j-community-1.9/system/lib/commons-lang-2.4.jar
2013-06-14 16:07:33.169+0000 INFO  [o.n.k.i.DiagnosticsManager]:  [classpath + loader.0] file:/C:/Users/Dani/Desktop/neo4j-community-1.9-windows/neo4j-community-1.9/plugins/gremlin1.5/jansi-1.5.jar
2013-06-14 16:07:33.169+0000 INFO  [o.n.k.i.DiagnosticsManager]:  [classpath + loader.0] file:/C:/Users/Dani/Desktop/neo4j-community-1.9-windows/neo4j-community-1.9/system/lib/asm-3.1.jar
2013-06-14 16:07:33.169+0000 INFO  [o.n.k.i.DiagnosticsManager]:  [bootstrap] C:\Program Files\Java\jre6\lib\rt.jar
2013-06-14 16:07:33.169+0000 INFO  [o.n.k.i.DiagnosticsManager]:  [classpath + loader.0] file:/C:/Users/Dani/Desktop/neo4j-community-1.9-windows/neo4j-community-1.9/plugins/gremlin1.5/pipes-1.0.jar
2013-06-14 16:07:33.169+0000 INFO  [o.n.k.i.DiagnosticsManager]:  [classpath + loader.0] file:/C:/Users/Dani/Desktop/neo4j-community-1.9-windows/neo4j-community-1.9/plugins/gremlin1.5/neo4j-gremlin-plugin-1.9.jar
2013-06-14 16:07:33.170+0000 INFO  [o.n.k.i.DiagnosticsManager]:  [classpath + loader.0] file:/C:/Users/Dani/Desktop/neo4j-community-1.9-windows/neo4j-community-1.9/lib/concurrentlinkedhashmap-lru-1.3.1.jar
2013-06-14 16:07:33.170+0000 INFO  [o.n.k.i.DiagnosticsManager]:  [classpath + loader.0] file:/C:/Users/Dani/Desktop/neo4j-community-1.9-windows/neo4j-community-1.9/lib/lucene-core-3.6.2.jar
2013-06-14 16:07:33.170+0000 INFO  [o.n.k.i.DiagnosticsManager]:  [classpath + loader.0] file:/C:/Users/Dani/Desktop/neo4j-community-1.9-windows/neo4j-community-1.9/system/lib/jackson-mapper-asl-1.9.7.jar
2013-06-14 16:07:33.170+0000 INFO  [o.n.k.i.DiagnosticsManager]:  [classpath + loader.0] file:/C:/Users/Dani/Desktop/neo4j-community-1.9-windows/neo4j-community-1.9/plugins/gremlin1.5/antlr-2.7.7.jar
2013-06-14 16:07:33.170+0000 INFO  [o.n.k.i.DiagnosticsManager]:  [loader.1] file:/C:/Program%20Files/Java/jre6/lib/ext/sunmscapi.jar
2013-06-14 16:07:33.170+0000 INFO  [o.n.k.i.DiagnosticsManager]:  [classpath + loader.0] file:/C:/Users/Dani/Desktop/neo4j-community-1.9-windows/neo4j-community-1.9/system/lib/neo4j-server-1.9.jar
2013-06-14 16:07:33.170+0000 INFO  [o.n.k.i.DiagnosticsManager]:  [classpath + loader.0] file:/C:/Users/Dani/Desktop/neo4j-community-1.9-windows/neo4j-community-1.9/system/lib/commons-beanutils-1.8.0.jar
2013-06-14 16:07:33.170+0000 INFO  [o.n.k.i.DiagnosticsManager]:  [classpath + loader.0] file:/C:/Users/Dani/Desktop/neo4j-community-1.9-windows/neo4j-community-1.9/system/lib/commons-io-1.4.jar
2013-06-14 16:07:33.170+0000 INFO  [o.n.k.i.DiagnosticsManager]:  [classpath + loader.0] file:/C:/Users/Dani/Desktop/neo4j-community-1.9-windows/neo4j-community-1.9/plugins/gremlin1.5/asm-commons-3.2.jar
2013-06-14 16:07:33.170+0000 INFO  [o.n.k.i.DiagnosticsManager]:  [classpath + loader.0] file:/C:/Users/Dani/Desktop/neo4j-community-1.9-windows/neo4j-community-1.9/system/lib/janino-2.5.10.jar
2013-06-14 16:07:33.170+0000 INFO  [o.n.k.i.DiagnosticsManager]:  [classpath + loader.0] file:/C:/Users/Dani/Desktop/neo4j-community-1.9-windows/neo4j-community-1.9/lib/org.apache.servicemix.bundles.jline-0.9.94_1.jar
2013-06-14 16:07:33.170+0000 INFO  [o.n.k.i.DiagnosticsManager]:  [bootstrap] C:\Program Files\Java\jre6\lib\sunrsasign.jar
2013-06-14 16:07:33.170+0000 INFO  [o.n.k.i.DiagnosticsManager]:  [classpath + loader.0] file:/C:/Users/Dani/Desktop/neo4j-community-1.9-windows/neo4j-community-1.9/system/lib/commons-beanutils-core-1.8.0.jar
2013-06-14 16:07:33.170+0000 INFO  [o.n.k.i.DiagnosticsManager]:  [classpath + loader.0] file:/C:/Users/Dani/Desktop/neo4j-community-1.9-windows/neo4j-community-1.9/plugins/gremlin1.5/stax-api-1.0.1.jar
2013-06-14 16:07:33.170+0000 INFO  [o.n.k.i.DiagnosticsManager]:  [classpath + loader.0] file:/C:/Users/Dani/Desktop/neo4j-community-1.9-windows/neo4j-community-1.9/system/lib/commons-digester-1.8.1.jar
2013-06-14 16:07:33.170+0000 INFO  [o.n.k.i.DiagnosticsManager]:  [classpath + loader.0] file:/C:/Users/Dani/Desktop/neo4j-community-1.9-windows/neo4j-community-1.9/plugins/gremlin1.5/asm-analysis-3.2.jar
2013-06-14 16:07:33.171+0000 INFO  [o.n.k.i.DiagnosticsManager]:  [classpath + loader.0] file:/C:/Users/Dani/Desktop/neo4j-community-1.9-windows/neo4j-community-1.9/system/lib/slf4j-api-1.6.2.jar
2013-06-14 16:07:33.171+0000 INFO  [o.n.k.i.DiagnosticsManager]:  [classpath + loader.0] file:/C:/Users/Dani/Desktop/neo4j-community-1.9-windows/neo4j-community-1.9/system/lib/jersey-multipart-1.9.jar
2013-06-14 16:07:33.171+0000 INFO  [o.n.k.i.DiagnosticsManager]:  [bootstrap] C:\Program Files\Java\jre6\lib\jce.jar
2013-06-14 16:07:33.171+0000 INFO  [o.n.k.i.DiagnosticsManager]:  [loader.0] file:/C:/Users/Dani/Desktop/neo4j-community-1.9-windows/neo4j-community-1.9/
2013-06-14 16:07:33.171+0000 INFO  [o.n.k.i.DiagnosticsManager]:  [classpath + loader.0] file:/C:/Users/Dani/Desktop/neo4j-community-1.9-windows/neo4j-community-1.9/system/lib/bcprov-jdk16-140.jar
2013-06-14 16:07:33.171+0000 INFO  [o.n.k.i.DiagnosticsManager]:  [classpath + loader.0] file:/C:/Users/Dani/Desktop/neo4j-community-1.9-windows/neo4j-community-1.9/conf/
2013-06-14 16:07:33.171+0000 INFO  [o.n.k.i.DiagnosticsManager]:  [classpath + loader.0] file:/C:/Users/Dani/Desktop/neo4j-community-1.9-windows/neo4j-community-1.9/system/lib/logback-core-0.9.30.jar
2013-06-14 16:07:33.171+0000 INFO  [o.n.k.i.DiagnosticsManager]:  [loader.1] file:/C:/Program%20Files/Java/jre6/lib/ext/localedata.jar
2013-06-14 16:07:33.171+0000 INFO  [o.n.k.i.DiagnosticsManager]:  [bootstrap] C:\Program Files\Java\jre6\lib\resources.jar
2013-06-14 16:07:33.172+0000 INFO  [o.n.k.i.DiagnosticsManager]:  [classpath + loader.0] file:/C:/Users/Dani/Desktop/neo4j-community-1.9-windows/neo4j-community-1.9/system/lib/jcl-over-slf4j-1.6.1.jar
2013-06-14 16:07:33.172+0000 INFO  [o.n.k.i.DiagnosticsManager]:  [classpath + loader.0] file:/C:/Users/Dani/Desktop/neo4j-community-1.9-windows/neo4j-community-1.9/plugins/gremlin1.5/jettison-1.3.jar
2013-06-14 16:07:33.172+0000 INFO  [o.n.k.i.DiagnosticsManager]:  [classpath + loader.0] file:/C:/Users/Dani/Desktop/neo4j-community-1.9-windows/neo4j-community-1.9/plugins/gremlin1.5/blueprints-core-1.2.jar
2013-06-14 16:07:33.172+0000 INFO  [o.n.k.i.DiagnosticsManager]:  [classpath + loader.0] file:/C:/Users/Dani/Desktop/neo4j-community-1.9-windows/neo4j-community-1.9/system/lib/rhino-1.7R3.jar
2013-06-14 16:07:33.172+0000 INFO  [o.n.k.i.DiagnosticsManager]:  [classpath + loader.0] file:/C:/Users/Dani/Desktop/neo4j-community-1.9-windows/neo4j-community-1.9/lib/neo4j-lucene-index-1.9.jar
2013-06-14 16:07:33.172+0000 INFO  [o.n.k.i.DiagnosticsManager]:  [bootstrap] C:\Program Files\Java\jre6\classes
2013-06-14 16:07:33.172+0000 INFO  [o.n.k.i.DiagnosticsManager]:  [classpath + loader.0] file:/C:/Users/Dani/Desktop/neo4j-community-1.9-windows/neo4j-community-1.9/system/lib/jsr311-api-1.1.2.r612.jar
2013-06-14 16:07:33.172+0000 INFO  [o.n.k.i.DiagnosticsManager]:  [classpath + loader.0] file:/C:/Users/Dani/Desktop/neo4j-community-1.9-windows/neo4j-community-1.9/system/lib/jersey-core-1.9.jar
2013-06-14 16:07:33.172+0000 INFO  [o.n.k.i.DiagnosticsManager]:  [classpath + loader.0] file:/C:/Users/Dani/Desktop/neo4j-community-1.9-windows/neo4j-community-1.9/lib/scala-library-2.10.0.jar
2013-06-14 16:07:33.172+0000 INFO  [o.n.k.i.DiagnosticsManager]:  [classpath + loader.0] file:/C:/Users/Dani/Desktop/neo4j-community-1.9-windows/neo4j-community-1.9/lib/neo4j-jmx-1.9.jar
2013-06-14 16:07:33.172+0000 INFO  [o.n.k.i.DiagnosticsManager]:  [loader.1] file:/C:/Program%20Files/Java/jre6/lib/ext/sunpkcs11.jar
2013-06-14 16:07:33.172+0000 INFO  [o.n.k.i.DiagnosticsManager]:  [classpath + loader.0] file:/C:/Users/Dani/Desktop/neo4j-community-1.9-windows/neo4j-community-1.9/plugins/gremlin1.5/asm-util-3.2.jar
2013-06-14 16:07:33.172+0000 INFO  [o.n.k.i.DiagnosticsManager]:  [classpath + loader.0] file:/C:/Users/Dani/Desktop/neo4j-community-1.9-windows/neo4j-community-1.9/system/lib/commons-collections-3.2.1.jar
2013-06-14 16:07:33.172+0000 INFO  [o.n.k.i.DiagnosticsManager]:  [classpath + loader.0] file:/C:/Users/Dani/Desktop/neo4j-community-1.9-windows/neo4j-community-1.9/system/lib/logback-classic-0.9.30.jar
2013-06-14 16:07:33.172+0000 INFO  [o.n.k.i.DiagnosticsManager]:  [classpath + loader.0] file:/C:/Users/Dani/Desktop/neo4j-community-1.9-windows/neo4j-community-1.9/system/lib/jetty-6.1.25.jar
2013-06-14 16:07:33.172+0000 INFO  [o.n.k.i.DiagnosticsManager]:  [classpath + loader.0] file:/C:/Users/Dani/Desktop/neo4j-community-1.9-windows/neo4j-community-1.9/plugins/gremlin1.5/gremlin-java-1.5.jar
2013-06-14 16:07:33.172+0000 INFO  [o.n.k.i.DiagnosticsManager]:  [classpath + loader.0] file:/C:/Users/Dani/Desktop/neo4j-community-1.9-windows/neo4j-community-1.9/system/lib/commons-configuration-1.6.jar
2013-06-14 16:07:33.172+0000 INFO  [o.n.k.i.DiagnosticsManager]:  [classpath + loader.0] file:/C:/Users/Dani/Desktop/neo4j-community-1.9-windows/neo4j-community-1.9/lib/server-api-1.9.jar
2013-06-14 16:07:33.173+0000 INFO  [o.n.k.i.DiagnosticsManager]:  [classpath + loader.0] file:/C:/Users/Dani/Desktop/neo4j-community-1.9-windows/neo4j-community-1.9/plugins/gremlin1.5/groovy-1.8.5.jar
2013-06-14 16:07:33.173+0000 INFO  [o.n.k.i.DiagnosticsManager]:  [classpath + loader.0] file:/C:/Users/Dani/Desktop/neo4j-community-1.9-windows/neo4j-community-1.9/plugins/gremlin1.5/gremlin-groovy-1.5.jar
2013-06-14 16:07:33.173+0000 INFO  [o.n.k.i.DiagnosticsManager]:  [classpath + loader.0] file:/C:/Users/Dani/Desktop/neo4j-community-1.9-windows/neo4j-community-1.9/lib/neo4j-shell-1.9.jar
2013-06-14 16:07:33.173+0000 INFO  [o.n.k.i.DiagnosticsManager]:  [classpath + loader.0] file:/C:/Users/Dani/Desktop/neo4j-community-1.9-windows/neo4j-community-1.9/lib/geronimo-jta_1.1_spec-1.1.1.jar
2013-06-14 16:07:33.173+0000 INFO  [o.n.k.i.DiagnosticsManager]:  [bootstrap] C:\Program Files\Java\jre6\lib\modules\jdk.boot.jar
2013-06-14 16:07:33.173+0000 INFO  [o.n.k.i.DiagnosticsManager]:  [classpath + loader.0] file:/C:/Users/Dani/Desktop/neo4j-community-1.9-windows/neo4j-community-1.9/system/lib/servlet-api-2.5-20081211.jar
2013-06-14 16:07:33.173+0000 INFO  [o.n.k.i.DiagnosticsManager]:  [classpath + loader.0] file:/C:/Users/Dani/Desktop/neo4j-community-1.9-windows/neo4j-community-1.9/lib/neo4j-cypher-1.9.jar
2013-06-14 16:07:33.173+0000 INFO  [o.n.k.i.DiagnosticsManager]: Library path:
2013-06-14 16:07:33.173+0000 INFO  [o.n.k.i.DiagnosticsManager]: C:\Program Files\Java\jre6\bin
2013-06-14 16:07:33.174+0000 INFO  [o.n.k.i.DiagnosticsManager]: C:\Windows\Sun\Java\bin
2013-06-14 16:07:33.174+0000 INFO  [o.n.k.i.DiagnosticsManager]: C:\Windows\System32
2013-06-14 16:07:33.174+0000 INFO  [o.n.k.i.DiagnosticsManager]: C:\Windows
2013-06-14 16:07:33.174+0000 INFO  [o.n.k.i.DiagnosticsManager]: C:\Program Files\Common Files\microsoft shared\Windows Live
2013-06-14 16:07:33.175+0000 INFO  [o.n.k.i.DiagnosticsManager]: C:\Program Files\NVIDIA Corporation\PhysX\Common
2013-06-14 16:07:33.175+0000 INFO  [o.n.k.i.DiagnosticsManager]: C:\Windows\System32
2013-06-14 16:07:33.175+0000 INFO  [o.n.k.i.DiagnosticsManager]: C:\Windows
2013-06-14 16:07:33.175+0000 INFO  [o.n.k.i.DiagnosticsManager]: C:\Windows\System32\wbem
2013-06-14 16:07:33.176+0000 INFO  [o.n.k.i.DiagnosticsManager]: C:\Windows\System32\WindowsPowerShell\v1.0
2013-06-14 16:07:33.176+0000 INFO  [o.n.k.i.DiagnosticsManager]: C:\Program Files\Microchip\MPLAB C32 Suite\bin
2013-06-14 16:07:33.176+0000 INFO  [o.n.k.i.DiagnosticsManager]: C:\Program Files\Java\jdk1.6.0_24\bin
2013-06-14 16:07:33.176+0000 INFO  [o.n.k.i.DiagnosticsManager]: C:\Program Files\Java\jdk1.6.0_24\bin
2013-06-14 16:07:33.176+0000 INFO  [o.n.k.i.DiagnosticsManager]: C:\Program Files\OpenVPN\bin
2013-06-14 16:07:33.177+0000 INFO  [o.n.k.i.DiagnosticsManager]: C:\aspectj1.6\lib
2013-06-14 16:07:33.177+0000 INFO  [o.n.k.i.DiagnosticsManager]: C:\commons-lang3-3.1
2013-06-14 16:07:33.177+0000 INFO  [o.n.k.i.DiagnosticsManager]: C:\Program Files\Windows Live\Shared
2013-06-14 16:07:33.177+0000 INFO  [o.n.k.i.DiagnosticsManager]: C:\Program Files\OpenSSH\bin
2013-06-14 16:07:33.178+0000 INFO  [o.n.k.i.DiagnosticsManager]: C:\MCC18\mpasm
2013-06-14 16:07:33.179+0000 INFO  [o.n.k.i.DiagnosticsManager]: C:\MCC18\bin
2013-06-14 16:07:33.179+0000 INFO  [o.n.k.i.DiagnosticsManager]: C:\MCC18\mpasm
2013-06-14 16:07:33.179+0000 INFO  [o.n.k.i.DiagnosticsManager]: C:\MCC18\bin
2013-06-14 16:07:33.179+0000 INFO  [o.n.k.i.DiagnosticsManager]: C:\Program Files\Java\jdk1.6.0_24\bin
2013-06-14 16:07:33.180+0000 INFO  [o.n.k.i.DiagnosticsManager]: C:\Program Files\OpenVPN\bin
2013-06-14 16:07:33.180+0000 INFO  [o.n.k.i.DiagnosticsManager]: C:\aspectj1.6\lib
2013-06-14 16:07:33.180+0000 INFO  [o.n.k.i.DiagnosticsManager]: C:\commons-lang3-3.1
2013-06-14 16:07:33.180+0000 INFO  [o.n.k.i.DiagnosticsManager]: C:\Users\Dani\Desktop\neo4j-community-1.9-windows\neo4j-community-1.9
2013-06-14 16:07:33.180+0000 INFO  [o.n.k.i.DiagnosticsManager]: C:\Program Files\Common Files\Nero\Lib
2013-06-14 16:07:33.180+0000 INFO  [o.n.k.i.DiagnosticsManager]: C:\Users\Dani\Desktop\neo4j-community-1.9-windows\neo4j-community-1.9
2013-06-14 16:07:33.180+0000 INFO  [o.n.k.i.DiagnosticsManager]: System.properties:
2013-06-14 16:07:33.180+0000 INFO  [o.n.k.i.DiagnosticsManager]: sun.boot.library.path = C:\Program Files\Java\jre6\bin
2013-06-14 16:07:33.181+0000 INFO  [o.n.k.i.DiagnosticsManager]: org.neo4j.server.properties = conf/neo4j-server.properties
2013-06-14 16:07:33.181+0000 INFO  [o.n.k.i.DiagnosticsManager]: path.separator = ;
2013-06-14 16:07:33.181+0000 INFO  [o.n.k.i.DiagnosticsManager]: file.encoding.pkg = sun.io
2013-06-14 16:07:33.181+0000 INFO  [o.n.k.i.DiagnosticsManager]: sun.java.launcher = SUN_STANDARD
2013-06-14 16:07:33.181+0000 INFO  [o.n.k.i.DiagnosticsManager]: user.country = ES
2013-06-14 16:07:33.181+0000 INFO  [o.n.k.i.DiagnosticsManager]: sun.os.patch.level = 
2013-06-14 16:07:33.181+0000 INFO  [o.n.k.i.DiagnosticsManager]: user.dir = C:\Users\Dani\Desktop\neo4j-community-1.9-windows\neo4j-community-1.9
2013-06-14 16:07:33.181+0000 INFO  [o.n.k.i.DiagnosticsManager]: user.variant = 
2013-06-14 16:07:33.181+0000 INFO  [o.n.k.i.DiagnosticsManager]: sun.jnu.encoding = Cp1252
2013-06-14 16:07:33.181+0000 INFO  [o.n.k.i.DiagnosticsManager]: sun.management.compiler = HotSpot Client Compiler
2013-06-14 16:07:33.181+0000 INFO  [o.n.k.i.DiagnosticsManager]: user.home = C:\Users\Dani
2013-06-14 16:07:33.181+0000 INFO  [o.n.k.i.DiagnosticsManager]: user.timezone = Europe/Paris
2013-06-14 16:07:33.181+0000 INFO  [o.n.k.i.DiagnosticsManager]: file.encoding = Cp1252
2013-06-14 16:07:33.181+0000 INFO  [o.n.k.i.DiagnosticsManager]: user.name = Dani
2013-06-14 16:07:33.181+0000 INFO  [o.n.k.i.DiagnosticsManager]: sun.java.command = org.neo4j.server.Bootstrapper
2013-06-14 16:07:33.181+0000 INFO  [o.n.k.i.DiagnosticsManager]: sun.arch.data.model = 32
2013-06-14 16:07:33.182+0000 INFO  [o.n.k.i.DiagnosticsManager]: user.language = es
2013-06-14 16:07:33.182+0000 INFO  [o.n.k.i.DiagnosticsManager]: awt.toolkit = sun.awt.windows.WToolkit
2013-06-14 16:07:33.182+0000 INFO  [o.n.k.i.DiagnosticsManager]: file.separator = \
2013-06-14 16:07:33.182+0000 INFO  [o.n.k.i.DiagnosticsManager]: sun.io.unicode.encoding = UnicodeLittle
2013-06-14 16:07:33.182+0000 INFO  [o.n.k.i.DiagnosticsManager]: sun.cpu.endian = little
2013-06-14 16:07:33.182+0000 INFO  [o.n.k.i.DiagnosticsManager]: sun.desktop = windows
2013-06-14 16:07:33.182+0000 INFO  [o.n.k.i.DiagnosticsManager]: sun.cpu.isalist = pentium_pro+mmx pentium_pro pentium+mmx pentium i486 i386 i86
2013-06-14 16:07:33.182+0000 INFO  [o.n.k.i.DiagnosticsManager]: Network information:
2013-06-14 16:07:33.191+0000 INFO  [o.n.k.i.DiagnosticsManager]: Interface Software Loopback Interface 1:
2013-06-14 16:07:33.191+0000 INFO  [o.n.k.i.DiagnosticsManager]:     address: 0:0:0:0:0:0:0:1
2013-06-14 16:07:33.191+0000 INFO  [o.n.k.i.DiagnosticsManager]:     address: 127.0.0.1
2013-06-14 16:07:33.191+0000 INFO  [o.n.k.i.DiagnosticsManager]: Interface WAN Miniport (SSTP):
2013-06-14 16:07:33.192+0000 INFO  [o.n.k.i.DiagnosticsManager]: Interface WAN Miniport (IKEv2):
2013-06-14 16:07:33.192+0000 INFO  [o.n.k.i.DiagnosticsManager]: Interface WAN Miniport (L2TP):
2013-06-14 16:07:33.192+0000 INFO  [o.n.k.i.DiagnosticsManager]: Interface WAN Miniport (PPTP):
2013-06-14 16:07:33.192+0000 INFO  [o.n.k.i.DiagnosticsManager]: Interface WAN Miniport (PPPOE):
2013-06-14 16:07:33.192+0000 INFO  [o.n.k.i.DiagnosticsManager]: Interface WAN Miniport (IPv6):
2013-06-14 16:07:33.192+0000 INFO  [o.n.k.i.DiagnosticsManager]: Interface WAN Miniport (Network Monitor):
2013-06-14 16:07:33.192+0000 INFO  [o.n.k.i.DiagnosticsManager]: Interface WAN Miniport (IP):
2013-06-14 16:07:33.192+0000 INFO  [o.n.k.i.DiagnosticsManager]: Interface RAS Async Adapter:
2013-06-14 16:07:33.192+0000 INFO  [o.n.k.i.DiagnosticsManager]: Interface Realtek PCIe GBE Family Controller:
2013-06-14 16:07:33.193+0000 INFO  [o.n.k.i.DiagnosticsManager]:     address: fe80:0:0:0:8486:7419:fc58:ac47%11
2013-06-14 16:07:33.193+0000 INFO  [o.n.k.i.DiagnosticsManager]:     address: 192.168.1.102
2013-06-14 16:07:33.193+0000 INFO  [o.n.k.i.DiagnosticsManager]: Interface Teredo Tunneling Pseudo-Interface:
2013-06-14 16:07:33.193+0000 INFO  [o.n.k.i.DiagnosticsManager]:     address: fe80:0:0:0:0:100:7f:fffe%12
2013-06-14 16:07:33.193+0000 INFO  [o.n.k.i.DiagnosticsManager]: Interface Adaptador ISATAP de Microsoft #2:
2013-06-14 16:07:33.193+0000 INFO  [o.n.k.i.DiagnosticsManager]: Interface TAP-Win32 Adapter V9:
2013-06-14 16:07:33.193+0000 INFO  [o.n.k.i.DiagnosticsManager]:     address: fe80:0:0:0:5dd6:1d8c:5fc1:7748%14
2013-06-14 16:07:33.193+0000 INFO  [o.n.k.i.DiagnosticsManager]: Interface Adaptador ISATAP de Microsoft #3:
2013-06-14 16:07:33.193+0000 INFO  [o.n.k.i.DiagnosticsManager]: Interface Adaptador ISATAP de Microsoft:
2013-06-14 16:07:33.193+0000 INFO  [o.n.k.i.DiagnosticsManager]: Interface Realtek PCIe GBE Family Controller-QoS Packet Scheduler-0000:
2013-06-14 16:07:33.194+0000 INFO  [o.n.k.i.DiagnosticsManager]: Interface Realtek PCIe GBE Family Controller-WFP LightWeight Filter-0000:
2013-06-14 16:07:33.194+0000 INFO  [o.n.k.i.DiagnosticsManager]: Interface TAP-Win32 Adapter V9-QoS Packet Scheduler-0000:
2013-06-14 16:07:33.194+0000 INFO  [o.n.k.i.DiagnosticsManager]: Interface TAP-Win32 Adapter V9-WFP LightWeight Filter-0000:
2013-06-14 16:07:33.194+0000 INFO  [o.n.k.i.DiagnosticsManager]: Interface WAN Miniport (IPv6)-QoS Packet Scheduler-0000:
2013-06-14 16:07:33.194+0000 INFO  [o.n.k.i.DiagnosticsManager]: Interface WAN Miniport (IP)-QoS Packet Scheduler-0000:
2013-06-14 16:07:33.195+0000 INFO  [o.n.k.i.DiagnosticsManager]: Interface WAN Miniport (Network Monitor)-QoS Packet Scheduler-0000:
2013-06-14 16:07:33.196+0000 INFO  [o.n.k.i.DiagnosticsManager]: --- INITIALIZED diagnostics END ---
2013-06-14 16:07:33.298+0000 INFO  [o.n.k.i.n.s.StoreFactory]: [data\graph.db\neostore.relationshiptypestore.db.names] brickCount=0 brickSize=0b mappedMem=0b (storeSize=76b)
2013-06-14 16:07:33.301+0000 INFO  [o.n.k.i.n.s.StoreFactory]: [data\graph.db\neostore.relationshiptypestore.db] brickCount=0 brickSize=0b mappedMem=0b (storeSize=5b)
2013-06-14 16:07:33.301+0000 INFO  [o.n.k.i.n.s.StoreFactory]: [data\graph.db\neostore.propertystore.db.strings] brickCount=0 brickSize=5120b mappedMem=5242880b (storeSize=128b)
2013-06-14 16:07:33.302+0000 INFO  [o.n.k.i.n.s.StoreFactory]: [data\graph.db\neostore.propertystore.db.index.keys] brickCount=0 brickSize=0b mappedMem=0b (storeSize=76b)
2013-06-14 16:07:33.303+0000 INFO  [o.n.k.i.n.s.StoreFactory]: [data\graph.db\neostore.propertystore.db.index] brickCount=0 brickSize=0b mappedMem=0b (storeSize=9b)
2013-06-14 16:07:33.304+0000 INFO  [o.n.k.i.n.s.StoreFactory]: [data\graph.db\neostore.propertystore.db.arrays] brickCount=0 brickSize=5120b mappedMem=5242880b (storeSize=128b)
2013-06-14 16:07:33.307+0000 INFO  [o.n.k.i.n.s.StoreFactory]: [data\graph.db\neostore.propertystore.db] brickCount=0 brickSize=5207b mappedMem=5242880b (storeSize=123b)
2013-06-14 16:07:33.309+0000 INFO  [o.n.k.i.n.s.StoreFactory]: [data\graph.db\neostore.relationshipstore.db] brickCount=0 brickSize=7326b mappedMem=7340032b (storeSize=33b)
2013-06-14 16:07:33.311+0000 INFO  [o.n.k.i.n.s.StoreFactory]: [data\graph.db\neostore.nodestore.db] brickCount=0 brickSize=1044b mappedMem=1048576b (storeSize=27b)
2013-06-14 16:07:33.312+0000 INFO  [o.n.k.i.n.s.StoreFactory]: [data\graph.db\neostore] brickCount=0 brickSize=0b mappedMem=0b (storeSize=54b)
2013-06-14 16:07:33.327+0000 INFO  [o.n.k.i.t.x.XaLogicalLog]: Opened logical log [data\graph.db\nioneo_logical.log.1] version=1, lastTxId=3 (clean)
2013-06-14 16:07:33.347+0000 INFO  [o.n.k.i.t.TxManager]: TM opening log: data\graph.db\tm_tx_log.1
2013-06-14 16:07:34.514+0000 INFO  [o.n.k.i.t.x.XaLogicalLog]: Opened logical log [data\graph.db\index\lucene.log.1] version=1, lastTxId=1 (clean)
2013-06-14 16:07:34.519+0000 INFO  [o.n.k.i.DiagnosticsManager]: --- STARTED diagnostics for KernelDiagnostics:Versions START ---
2013-06-14 16:07:34.520+0000 INFO  [o.n.k.i.DiagnosticsManager]: Graph Database: org.neo4j.kernel.EmbeddedGraphDatabase StoreId[time:1371226006311, id:-3322874099346351531, store version: 13561656364791302]
2013-06-14 16:07:34.520+0000 INFO  [o.n.k.i.DiagnosticsManager]: Kernel version: Neo4j - Graph Database Kernel 1.9
2013-06-14 16:07:34.520+0000 INFO  [o.n.k.i.DiagnosticsManager]: Neo4j component versions:
2013-06-14 16:07:34.521+0000 INFO  [o.n.k.i.DiagnosticsManager]:   Neo4j - Graph Database Kernel 1.9
2013-06-14 16:07:34.521+0000 INFO  [o.n.k.i.DiagnosticsManager]: --- STARTED diagnostics for KernelDiagnostics:Versions END ---
2013-06-14 16:07:34.523+0000 INFO  [o.n.k.i.DiagnosticsManager]: --- STARTED diagnostics for NEO_STORE_VERSIONS START ---
2013-06-14 16:07:34.524+0000 INFO  [o.n.k.i.DiagnosticsManager]: Store versions:
2013-06-14 16:07:34.524+0000 INFO  [o.n.k.i.DiagnosticsManager]: Store versions:
2013-06-14 16:07:34.524+0000 INFO  [o.n.k.i.DiagnosticsManager]:   NeoStore v0.A.0
2013-06-14 16:07:34.524+0000 INFO  [o.n.k.i.DiagnosticsManager]:   NodeStore v0.A.0
2013-06-14 16:07:34.524+0000 INFO  [o.n.k.i.DiagnosticsManager]:   RelationshipStore v0.A.0
2013-06-14 16:07:34.524+0000 INFO  [o.n.k.i.DiagnosticsManager]:   RelationshipTypeStore v0.A.0
2013-06-14 16:07:34.524+0000 INFO  [o.n.k.i.DiagnosticsManager]:   PropertyStore v0.A.0
2013-06-14 16:07:34.524+0000 INFO  [o.n.k.i.DiagnosticsManager]:   PropertyIndexStore v0.A.0
2013-06-14 16:07:34.524+0000 INFO  [o.n.k.i.DiagnosticsManager]:   StringPropertyStore v0.A.0
2013-06-14 16:07:34.524+0000 INFO  [o.n.k.i.DiagnosticsManager]:   ArrayPropertyStore v0.A.0
2013-06-14 16:07:34.524+0000 INFO  [o.n.k.i.DiagnosticsManager]: --- STARTED diagnostics for NEO_STORE_VERSIONS END ---
2013-06-14 16:07:34.525+0000 INFO  [o.n.k.i.DiagnosticsManager]: --- STARTED diagnostics for NEO_STORE_ID_USAGE START ---
2013-06-14 16:07:34.525+0000 INFO  [o.n.k.i.DiagnosticsManager]: Id usage:
2013-06-14 16:07:34.525+0000 INFO  [o.n.k.i.DiagnosticsManager]: Id usage:
2013-06-14 16:07:34.525+0000 INFO  [o.n.k.i.DiagnosticsManager]:   NodeStore: used=3 high=2
2013-06-14 16:07:34.525+0000 INFO  [o.n.k.i.DiagnosticsManager]:   RelationshipStore: used=1 high=0
2013-06-14 16:07:34.525+0000 INFO  [o.n.k.i.DiagnosticsManager]:   RelationshipTypeStore: used=1 high=0
2013-06-14 16:07:34.525+0000 INFO  [o.n.k.i.DiagnosticsManager]:   PropertyStore: used=3 high=2
2013-06-14 16:07:34.526+0000 INFO  [o.n.k.i.DiagnosticsManager]:   PropertyIndexStore: used=1 high=0
2013-06-14 16:07:34.526+0000 INFO  [o.n.k.i.DiagnosticsManager]:   StringPropertyStore: used=1 high=0
2013-06-14 16:07:34.526+0000 INFO  [o.n.k.i.DiagnosticsManager]:   ArrayPropertyStore: used=1 high=0
2013-06-14 16:07:34.526+0000 INFO  [o.n.k.i.DiagnosticsManager]: --- STARTED diagnostics for NEO_STORE_ID_USAGE END ---
2013-06-14 16:07:34.526+0000 INFO  [o.n.k.i.DiagnosticsManager]: --- STARTED diagnostics for PERSISTENCE_WINDOW_POOL_STATS START ---
2013-06-14 16:07:34.526+0000 INFO  [o.n.k.i.DiagnosticsManager]: --- STARTED diagnostics for PERSISTENCE_WINDOW_POOL_STATS END ---
2013-06-14 16:07:34.527+0000 INFO  [o.n.k.i.DiagnosticsManager]: --- STARTED diagnostics for KernelDiagnostics:StoreFiles START ---
2013-06-14 16:07:34.529+0000 INFO  [o.n.k.i.DiagnosticsManager]: Disk space on partition (Total / Free / Free %): 477450203136 / 269965979648 / 56
Storage files: (filename : modification date - size)
2013-06-14 16:07:34.530+0000 INFO  [o.n.k.i.DiagnosticsManager]:   active_tx_log: 2013-06-14T18:06:46+0200 - 11,00 B
2013-06-14 16:07:34.530+0000 INFO  [o.n.k.i.DiagnosticsManager]:   index:
2013-06-14 16:07:34.530+0000 INFO  [o.n.k.i.DiagnosticsManager]:     lucene-store.db: 2013-06-14T18:06:46+0200 - 40,00 B
2013-06-14 16:07:34.531+0000 INFO  [o.n.k.i.DiagnosticsManager]:     lucene.log.1: 2013-06-14T18:07:34+0200 - 16,00 B
2013-06-14 16:07:34.531+0000 INFO  [o.n.k.i.DiagnosticsManager]:     lucene.log.active: 2013-06-14T18:07:34+0200 - 4,00 B
2013-06-14 16:07:34.532+0000 INFO  [o.n.k.i.DiagnosticsManager]:     lucene.log.v0: 2013-06-14T18:06:46+0200 - 16,00 B
2013-06-14 16:07:34.532+0000 INFO  [o.n.k.i.DiagnosticsManager]:   - Total: 2013-06-14T18:07:34+0200 - 76,00 B
2013-06-14 16:07:34.532+0000 INFO  [o.n.k.i.DiagnosticsManager]:   lock: 2013-06-14T18:07:33+0200 - 0,00 B
2013-06-14 16:07:34.533+0000 INFO  [o.n.k.i.DiagnosticsManager]:   messages.log: 2013-06-14T18:06:46+0200 - 54,75 kB
2013-06-14 16:07:34.533+0000 INFO  [o.n.k.i.DiagnosticsManager]:   neostore: 2013-06-14T18:07:33+0200 - 54,00 B
2013-06-14 16:07:34.533+0000 INFO  [o.n.k.i.DiagnosticsManager]:   neostore.id: 2013-06-14T18:06:46+0200 - 9,00 B
2013-06-14 16:07:34.534+0000 INFO  [o.n.k.i.DiagnosticsManager]:   neostore.nodestore.db: 2013-06-14T18:07:33+0200 - 27,00 B
2013-06-14 16:07:34.534+0000 INFO  [o.n.k.i.DiagnosticsManager]:   neostore.nodestore.db.id: 2013-06-14T18:06:46+0200 - 9,00 B
2013-06-14 16:07:34.534+0000 INFO  [o.n.k.i.DiagnosticsManager]:   neostore.propertystore.db: 2013-06-14T18:07:33+0200 - 123,00 B
2013-06-14 16:07:34.535+0000 INFO  [o.n.k.i.DiagnosticsManager]:   neostore.propertystore.db.arrays: 2013-06-14T18:07:33+0200 - 128,00 B
2013-06-14 16:07:34.535+0000 INFO  [o.n.k.i.DiagnosticsManager]:   neostore.propertystore.db.arrays.id: 2013-06-14T18:06:46+0200 - 9,00 B
2013-06-14 16:07:34.535+0000 INFO  [o.n.k.i.DiagnosticsManager]:   neostore.propertystore.db.id: 2013-06-14T18:06:46+0200 - 9,00 B
2013-06-14 16:07:34.536+0000 INFO  [o.n.k.i.DiagnosticsManager]:   neostore.propertystore.db.index: 2013-06-14T18:07:33+0200 - 9,00 B
2013-06-14 16:07:34.536+0000 INFO  [o.n.k.i.DiagnosticsManager]:   neostore.propertystore.db.index.id: 2013-06-14T18:06:46+0200 - 9,00 B
2013-06-14 16:07:34.536+0000 INFO  [o.n.k.i.DiagnosticsManager]:   neostore.propertystore.db.index.keys: 2013-06-14T18:07:33+0200 - 76,00 B
2013-06-14 16:07:34.537+0000 INFO  [o.n.k.i.DiagnosticsManager]:   neostore.propertystore.db.index.keys.id: 2013-06-14T18:06:46+0200 - 9,00 B
2013-06-14 16:07:34.537+0000 INFO  [o.n.k.i.DiagnosticsManager]:   neostore.propertystore.db.strings: 2013-06-14T18:07:33+0200 - 128,00 B
2013-06-14 16:07:34.537+0000 INFO  [o.n.k.i.DiagnosticsManager]:   neostore.propertystore.db.strings.id: 2013-06-14T18:06:46+0200 - 9,00 B
2013-06-14 16:07:34.537+0000 INFO  [o.n.k.i.DiagnosticsManager]:   neostore.relationshipstore.db: 2013-06-14T18:07:33+0200 - 33,00 B
2013-06-14 16:07:34.538+0000 INFO  [o.n.k.i.DiagnosticsManager]:   neostore.relationshipstore.db.id: 2013-06-14T18:06:46+0200 - 9,00 B
2013-06-14 16:07:34.538+0000 INFO  [o.n.k.i.DiagnosticsManager]:   neostore.relationshiptypestore.db: 2013-06-14T18:07:33+0200 - 5,00 B
2013-06-14 16:07:34.538+0000 INFO  [o.n.k.i.DiagnosticsManager]:   neostore.relationshiptypestore.db.id: 2013-06-14T18:06:46+0200 - 9,00 B
2013-06-14 16:07:34.539+0000 INFO  [o.n.k.i.DiagnosticsManager]:   neostore.relationshiptypestore.db.names: 2013-06-14T18:07:33+0200 - 76,00 B
2013-06-14 16:07:34.539+0000 INFO  [o.n.k.i.DiagnosticsManager]:   neostore.relationshiptypestore.db.names.id: 2013-06-14T18:06:46+0200 - 9,00 B
2013-06-14 16:07:34.539+0000 INFO  [o.n.k.i.DiagnosticsManager]:   nioneo_logical.log.1: 2013-06-14T18:07:33+0200 - 16,00 B
2013-06-14 16:07:34.540+0000 INFO  [o.n.k.i.DiagnosticsManager]:   nioneo_logical.log.active: 2013-06-14T18:07:33+0200 - 4,00 B
2013-06-14 16:07:34.540+0000 INFO  [o.n.k.i.DiagnosticsManager]:   nioneo_logical.log.v0: 2013-06-14T18:06:46+0200 - 620,00 B
2013-06-14 16:07:34.540+0000 INFO  [o.n.k.i.DiagnosticsManager]:   store_lock: 2013-06-14T18:06:46+0200 - 0,00 B
2013-06-14 16:07:34.541+0000 INFO  [o.n.k.i.DiagnosticsManager]:   tm_tx_log.1: 2013-06-14T18:07:33+0200 - 0,00 B
2013-06-14 16:07:34.541+0000 INFO  [o.n.k.i.DiagnosticsManager]: --- STARTED diagnostics for KernelDiagnostics:StoreFiles END ---
2013-06-14 16:07:34.543+0000 INFO  [o.n.k.EmbeddedGraphDatabase]: Started - database is now available
2013-06-14 16:07:34.549+0000 INFO  [o.n.k.EmbeddedGraphDatabase]: GC Monitor started. 
2013-06-14 16:07:35.237+0000 INFO  [o.n.k.i.DiagnosticsManager]: --- SERVER STARTED START ---
2013-06-14 16:07:35.237+0000 INFO  [o.n.k.i.DiagnosticsManager]: --- STARTED diagnostics for org.neo4j.server.configuration.Configurator START ---
2013-06-14 16:07:35.240+0000 INFO  [o.n.k.i.DiagnosticsManager]: Server configuration:
2013-06-14 16:07:35.240+0000 INFO  [o.n.k.i.DiagnosticsManager]: org.neo4j.server.database.location = data/graph.db
2013-06-14 16:07:35.240+0000 INFO  [o.n.k.i.DiagnosticsManager]: org.neo4j.server.webserver.port = 7474
2013-06-14 16:07:35.240+0000 INFO  [o.n.k.i.DiagnosticsManager]: org.neo4j.server.webserver.https.enabled = true
2013-06-14 16:07:35.241+0000 INFO  [o.n.k.i.DiagnosticsManager]: org.neo4j.server.webserver.https.port = 7473
2013-06-14 16:07:35.241+0000 INFO  [o.n.k.i.DiagnosticsManager]: org.neo4j.server.webserver.https.cert.location = conf/ssl/snakeoil.cert
2013-06-14 16:07:35.241+0000 INFO  [o.n.k.i.DiagnosticsManager]: org.neo4j.server.webserver.https.key.location = conf/ssl/snakeoil.key
2013-06-14 16:07:35.241+0000 INFO  [o.n.k.i.DiagnosticsManager]: org.neo4j.server.webserver.https.keystore.location = data/keystore
2013-06-14 16:07:35.241+0000 INFO  [o.n.k.i.DiagnosticsManager]: org.neo4j.server.webadmin.rrdb.location = data/rrd
2013-06-14 16:07:35.241+0000 INFO  [o.n.k.i.DiagnosticsManager]: org.neo4j.server.db.tuning.properties = conf/neo4j.properties
2013-06-14 16:07:35.241+0000 INFO  [o.n.k.i.DiagnosticsManager]: org.neo4j.server.manage.console_engines = [gremlin, shell]
2013-06-14 16:07:35.241+0000 INFO  [o.n.k.i.DiagnosticsManager]: org.neo4j.server.http.log.enabled = false
2013-06-14 16:07:35.241+0000 INFO  [o.n.k.i.DiagnosticsManager]: org.neo4j.server.http.log.config = conf/neo4j-http-logging.xml
2013-06-14 16:07:35.241+0000 INFO  [o.n.k.i.DiagnosticsManager]: org.neo4j.server.webadmin.management.uri = /db/manage/
2013-06-14 16:07:35.241+0000 INFO  [o.n.k.i.DiagnosticsManager]: org.neo4j.server.webadmin.data.uri = /db/data/
2013-06-14 16:07:35.241+0000 INFO  [o.n.k.i.DiagnosticsManager]: --- STARTED diagnostics for org.neo4j.server.configuration.Configurator END ---
2013-06-14 16:07:35.257+0000 INFO  [o.n.k.i.DiagnosticsManager]: Mounted discovery module (org.neo4j.server.rest.discovery) at: /
2013-06-14 16:07:35.300+0000 INFO  [o.n.k.i.DiagnosticsManager]: Loaded server plugin "CypherPlugin" (org.neo4j.server.plugin.cypher.CypherPlugin)
2013-06-14 16:07:35.304+0000 INFO  [o.n.k.i.DiagnosticsManager]:   GraphDatabaseService.execute_query: execute a query
2013-06-14 16:07:35.306+0000 INFO  [o.n.k.i.DiagnosticsManager]: Loaded server plugin "GremlinPlugin" (org.neo4j.server.plugin.gremlin.GremlinPlugin)
2013-06-14 16:07:35.307+0000 INFO  [o.n.k.i.DiagnosticsManager]:   GraphDatabaseService.execute_script: execute a Gremlin script with 'g' set to the Neo4jGraph and 'results' containing the results. Only results of one object type is supported.
2013-06-14 16:07:35.307+0000 INFO  [o.n.k.i.DiagnosticsManager]: Mounted REST API at: /db/data/
2013-06-14 16:07:35.308+0000 INFO  [o.n.k.i.DiagnosticsManager]: Mounted management API at: /db/manage/
2013-06-14 16:07:35.548+0000 INFO  [o.n.k.i.DiagnosticsManager]: Mounted webadmin at: /webadmin
2013-06-14 16:07:37.534+0000 INFO  [o.n.k.i.DiagnosticsManager]: Server started on: http://localhost:7474/
2013-06-14 16:07:37.535+0000 INFO  [o.n.k.i.DiagnosticsManager]: --- SERVER STARTED END ---
2013-06-14 16:13:27.416+0000 INFO  [o.n.k.EmbeddedGraphDatabase]: GC Monitor: Application threads blocked for an additional 105ms [total block time: 0.105s]
2013-06-14 16:21:54.230+0000 INFO  [o.n.k.EmbeddedGraphDatabase]: GC Monitor: Application threads blocked for an additional 167ms [total block time: 0.272s]
